<?xml version="1.0" encoding="UTF-8"?>
<testsuite xmlns:xsi="http://www.w3.org/2001/XMLSchema-instance" xsi:noNamespaceSchemaLocation="https://maven.apache.org/surefire/maven-surefire-plugin/xsd/surefire-test-report.xsd" version="3.0.2" name="com.example.openrewrite.boot27.UserControllerTest" time="1.893" tests="1" errors="0" skipped="0" failures="0" flakes="0">
  <properties>
[...]
</properties>
  <testcase name="createsAndListsUsers" classname="com.example.openrewrite.boot27.UserControllerTest" time="0.483">
    <system-out><![CDATA[22:55:40.245 [main] INFO org.springframework.test.context.support.AnnotationConfigContextLoaderUtils -- Could not detect default configuration classes for test class [com.example.openrewrite.boot27.UserControllerTest]: UserControllerTest does not declare any static, non-private, non-final, nested classes annotated with @Configuration.
22:55:40.292 [main] INFO org.springframework.boot.test.context.SpringBootTestContextBootstrapper -- Found @SpringBootConfiguration com.example.openrewrite.boot27.Boot27To3xApplication for test class com.example.openrewrite.boot27.UserControllerTest

  .   ____          _            __ _ _
 /\\ / ___'_ __ _ _(_)_ __  __ _ \ \ \ \
( ( )\___ | '_ | '_| | '_ \/ _` | \ \ \ \
 \\/  ___)| |_)| | | | | || (_| |  ) ) ) )
  '  |____| .__|_| |_|_| |_\__, | / / / /
 =========|_|==============|___/=/_/_/_/

 :: Spring Boot ::               (v3.5.14)

2026-06-03T22:55:40.432+02:00  INFO 84207 --- [           main] c.e.o.boot27.UserControllerTest          : Starting UserControllerTest using Java 17.0.19 with PID 84207 (started by sinabastani in /Users/sinabastani/Desktop/projects/Java/openrewrite-modernization-lab/apps/boot-27-to-3x)
2026-06-03T22:55:40.432+02:00  INFO 84207 --- [           main] c.e.o.boot27.UserControllerTest          : No active profile set, falling back to 1 default profile: "default"
2026-06-03T22:55:40.619+02:00  INFO 84207 --- [           main] .s.d.r.c.RepositoryConfigurationDelegate : Bootstrapping Spring Data JPA repositories in DEFAULT mode.
2026-06-03T22:55:40.636+02:00  INFO 84207 --- [           main] .s.d.r.c.RepositoryConfigurationDelegate : Finished Spring Data repository scanning in 13 ms. Found 1 JPA repository interface.
2026-06-03T22:55:40.756+02:00  INFO 84207 --- [           main] o.hibernate.jpa.internal.util.LogHelper  : HHH000204: Processing PersistenceUnitInfo [name: default]
2026-06-03T22:55:40.772+02:00  INFO 84207 --- [           main] org.hibernate.Version                    : HHH000412: Hibernate ORM core version 6.6.49.Final
2026-06-03T22:55:40.783+02:00  INFO 84207 --- [           main] o.h.c.internal.RegionFactoryInitiator    : HHH000026: Second-level cache disabled
2026-06-03T22:55:40.892+02:00  INFO 84207 --- [           main] o.s.o.j.p.SpringPersistenceUnitInfo      : No LoadTimeWeaver setup: ignoring JPA class transformer
2026-06-03T22:55:40.902+02:00  INFO 84207 --- [           main] com.zaxxer.hikari.HikariDataSource       : HikariPool-1 - Starting...
2026-06-03T22:55:40.966+02:00  INFO 84207 --- [           main] com.zaxxer.hikari.pool.HikariPool        : HikariPool-1 - Added connection conn0: url=jdbc:h2:mem:boot27to3x user=SA
2026-06-03T22:55:40.966+02:00  INFO 84207 --- [           main] com.zaxxer.hikari.HikariDataSource       : HikariPool-1 - Start completed.
2026-06-03T22:55:40.988+02:00  INFO 84207 --- [           main] org.hibernate.orm.connections.pooling    : HHH10001005: Database info:
	Database JDBC URL [Connecting through datasource 'HikariDataSource (HikariPool-1)']
	Database driver: undefined/unknown
	Database version: 2.3.232
	Autocommit mode: undefined/unknown
	Isolation level: undefined/unknown
	Minimum pool size: undefined/unknown
	Maximum pool size: undefined/unknown
2026-06-03T22:55:41.266+02:00  INFO 84207 --- [           main] o.h.e.t.j.p.i.JtaPlatformInitiator       : HHH000489: No JTA platform available (set 'hibernate.transaction.jta.platform' to enable JTA platform integration)
2026-06-03T22:55:41.289+02:00  INFO 84207 --- [           main] j.LocalContainerEntityManagerFactoryBean : Initialized JPA EntityManagerFactory for persistence unit 'default'
2026-06-03T22:55:41.552+02:00  INFO 84207 --- [           main] o.s.b.a.h2.H2ConsoleAutoConfiguration    : H2 console available at '/h2-console'. Database available at 'jdbc:h2:mem:boot27to3x'
2026-06-03T22:55:41.580+02:00  INFO 84207 --- [           main] o.s.b.t.m.w.SpringBootMockServletContext : Initializing Spring TestDispatcherServlet ''
2026-06-03T22:55:41.581+02:00  INFO 84207 --- [           main] o.s.t.web.servlet.TestDispatcherServlet  : Initializing Servlet ''
2026-06-03T22:55:41.582+02:00  INFO 84207 --- [           main] o.s.t.web.servlet.TestDispatcherServlet  : Completed initialization in 0 ms
2026-06-03T22:55:41.597+02:00  INFO 84207 --- [           main] c.e.o.boot27.UserControllerTest          : Started UserControllerTest in 1.264 seconds (process running for 1.626)
]]></system-out>
  </testcase>
</testsuite>